<?xml version="1.0" encoding="UTF-8"?>
<!-- Generated by org.testng.reporters.JUnitReportReporter -->
<testsuite hostname="DESKTOP-VRI3RIE" failures="0" tests="1" name="sampleAzure.sampleAzure.AppTest" time="0.010" errors="0" timestamp="2025-03-21T22:08:42 EDT" skipped="0">
  <testcase classname="sampleAzure.sampleAzure.AppTest" name="shouldAnswerWithTrue" time="0.010"/>
</testsuite> <!-- sampleAzure.sampleAzure.AppTest -->
