<?xml version="1.0" encoding="UTF-8"?>
<!-- Generated by org.testng.reporters.JUnitReportReporter -->
<testsuite hostname="venkat" failures="0" tests="1" name="restAssured.Get" time="0.016" errors="0" timestamp="2021-01-02T18:37:34 IST" skipped="0">
  <testcase classname="restAssured.Get" name="Test" time="0.016"/>
  <system-out/>
</testsuite> <!-- restAssured.Get -->
