<?xml version="1.0" encoding="UTF-8"?>
<!-- Generated by org.testng.reporters.JUnitReportReporter -->
<testsuite hostname="DESKTOP-VRI3RIE" failures="0" tests="2" name="selenium.azure.Sample" time="16.637" errors="0" timestamp="2025-03-24T21:02:22 EDT" skipped="0">
  <testcase classname="selenium.azure.Sample" name="freshWorksTitleTest" time="7.919"/>
  <testcase classname="selenium.azure.Sample" name="freshWorksTitleTest" time="8.718"/>
</testsuite> <!-- selenium.azure.Sample -->
